<?xml version="1.0" encoding="UTF-8"?>
<!-- Generated by org.testng.reporters.JUnitReportReporter -->
<testsuite hostname="DESKTOP-NVK67B2" failures="0" tests="2" name="com.ExchangeDemo.InGameTest.InGamesTest" time="23.482" errors="0" timestamp="2024-01-02T12:25:06 IST" skipped="0">
  <testcase classname="com.ExchangeDemo.InGameTest.InGamesTest" name="login" time="14.859">
    <system-out>
      <![CDATA[Email is entered
Password is Entered
Clicked on Continue Button]]>
    </system-out>
  </testcase> <!-- login -->
  <testcase classname="com.ExchangeDemo.InGameTest.InGamesTest" name="MyAccount" time="8.623"/>
  <system-out>
    <![CDATA[<font color='green'>Browser got launched</font>
<font color='green'>Navigated to Application UR</font>
Email is entered
Password is Entered
Clicked on Continue Button
<font color='green'>Browser got closed</font>]]>
  </system-out>
</testsuite> <!-- com.ExchangeDemo.InGameTest.InGamesTest -->
