<?xml version="1.0" encoding="UTF-8"?>
<!-- Generated by org.testng.reporters.JUnitReportReporter -->
<testsuite hostname="DESKTOP-NVK67B2" failures="0" tests="6" name="com.ExchangeDemo.LoginTest.LoginTest" time="207.875" errors="0" timestamp="2023-11-29T16:57:44 IST" skipped="0">
  <testcase classname="com.ExchangeDemo.LoginTest.LoginTest" name="login" time="36.633">
    <system-out>
      <![CDATA[<font color='dark green'>User got failed to log in using Username: 8660327763 and Password: 123456</font>]]>
    </system-out>
  </testcase> <!-- login -->
  <testcase classname="com.ExchangeDemo.LoginTest.LoginTest" name="login" time="33.570">
    <system-out>
      <![CDATA[<font color='dark green'>User got failed to log in using Username: 8660327769 and Password: </font>]]>
    </system-out>
  </testcase> <!-- login -->
  <testcase classname="com.ExchangeDemo.LoginTest.LoginTest" name="login" time="39.692">
    <system-out>
      <![CDATA[<font color='dark green'>User got failed to log in using Username:   and Password: 12346</font>]]>
    </system-out>
  </testcase> <!-- login -->
  <testcase classname="com.ExchangeDemo.LoginTest.LoginTest" name="login" time="33.122">
    <system-out>
      <![CDATA[<font color='dark green'>User got failed to log in using Username: 8660327769 and Password: 11</font>]]>
    </system-out>
  </testcase> <!-- login -->
  <testcase classname="com.ExchangeDemo.LoginTest.LoginTest" name="login" time="30.446">
    <system-out>
      <![CDATA[<font color='dark green'>User got successfully logged in using Username: 8660327769 and Password: 123456</font>]]>
    </system-out>
  </testcase> <!-- login -->
  <testcase classname="com.ExchangeDemo.LoginTest.LoginTest" name="login" time="34.412">
    <system-out>
      <![CDATA[<font color='dark green'>User got failed to log in using Username:   and Password: </font>]]>
    </system-out>
  </testcase> <!-- login -->
  <system-out>
    <![CDATA[<font color='dark green'>User got successfully logged in using Username: 8660327769 and Password: 123456</font>
<font color='dark green'>User got failed to log in using Username: 8660327769 and Password: 11</font>
<font color='dark green'>User got failed to log in using Username: 8660327763 and Password: 123456</font>
<font color='dark green'>User got failed to log in using Username: 8660327769 and Password: </font>
<font color='dark green'>User got failed to log in using Username:   and Password: 12346</font>
<font color='dark green'>User got failed to log in using Username:   and Password: </font>]]>
  </system-out>
</testsuite> <!-- com.ExchangeDemo.LoginTest.LoginTest -->
