<?xml version="1.0" encoding="UTF-8"?>
<!-- Generated by org.testng.reporters.JUnitReportReporter -->
<testsuite hostname="DESKTOP-NVK67B2" failures="0" tests="6" name="com.ExchangeDemo.LoginTest.LoginTest" time="200.407" errors="0" timestamp="2023-12-29T11:19:06 IST" skipped="0">
  <testcase classname="com.ExchangeDemo.LoginTest.LoginTest" name="login" time="24.774"/>
  <testcase classname="com.ExchangeDemo.LoginTest.LoginTest" name="login" time="33.554"/>
  <testcase classname="com.ExchangeDemo.LoginTest.LoginTest" name="login" time="38.773"/>
  <testcase classname="com.ExchangeDemo.LoginTest.LoginTest" name="login" time="34.429"/>
  <testcase classname="com.ExchangeDemo.LoginTest.LoginTest" name="login" time="32.929"/>
  <testcase classname="com.ExchangeDemo.LoginTest.LoginTest" name="login" time="35.948"/>
  <system-out>
    <![CDATA[<font color='green'>Browser got launched</font>
<font color='green'>Navigated to Application UR</font>
<font color='green'>Browser got closed</font>
<font color='green'>Browser got launched</font>
<font color='green'>Navigated to Application UR</font>
<font color='green'>Browser got closed</font>
<font color='green'>Browser got launched</font>
<font color='green'>Navigated to Application UR</font>
<font color='green'>Browser got closed</font>
<font color='green'>Browser got launched</font>
<font color='green'>Navigated to Application UR</font>
<font color='green'>Browser got closed</font>
<font color='green'>Browser got launched</font>
<font color='green'>Navigated to Application UR</font>
<font color='green'>Browser got closed</font>
<font color='green'>Browser got launched</font>
<font color='green'>Navigated to Application UR</font>
<font color='green'>Browser got closed</font>]]>
  </system-out>
</testsuite> <!-- com.ExchangeDemo.LoginTest.LoginTest -->
